This is pdfTeX, Version 3.14159265-2.6-1.40.19 (TeX Live 2019/dev/Debian) (preloaded format=pdflatex 2018.12.14)  19 MAR 2019 23:38
entering extended mode
 restricted \write18 enabled.
 %&-line parsing enabled.
**sprawozdanie.tex
(./sprawozdanie.tex
LaTeX2e <2018-04-01> patch level 5
(/usr/share/texlive/texmf-dist/tex/latex/base/article.cls
Document Class: article 2014/09/29 v1.4h Standard LaTeX document class
(/usr/share/texlive/texmf-dist/tex/latex/base/size10.clo
File: size10.clo 2014/09/29 v1.4h Standard LaTeX file (size option)
)
\c@part=\count80
\c@section=\count81
\c@subsection=\count82
\c@subsubsection=\count83
\c@paragraph=\count84
\c@subparagraph=\count85
\c@figure=\count86
\c@table=\count87
\abovecaptionskip=\skip41
\belowcaptionskip=\skip42
\bibindent=\dimen102
)
(/usr/share/texlive/texmf-dist/tex/latex/amsmath/amsmath.sty
Package: amsmath 2017/09/02 v2.17a AMS math features
\@mathmargin=\skip43

For additional information on amsmath, use the `?' option.
(/usr/share/texlive/texmf-dist/tex/latex/amsmath/amstext.sty
Package: amstext 2000/06/29 v2.01 AMS text

(/usr/share/texlive/texmf-dist/tex/latex/amsmath/amsgen.sty
File: amsgen.sty 1999/11/30 v2.0 generic functions
\@emptytoks=\toks14
\ex@=\dimen103
))
(/usr/share/texlive/texmf-dist/tex/latex/amsmath/amsbsy.sty
Package: amsbsy 1999/11/29 v1.2d Bold Symbols
\pmbraise@=\dimen104
)
(/usr/share/texlive/texmf-dist/tex/latex/amsmath/amsopn.sty
Package: amsopn 2016/03/08 v2.02 operator names
)
\inf@bad=\count88
LaTeX Info: Redefining \frac on input line 213.
\uproot@=\count89
\leftroot@=\count90
LaTeX Info: Redefining \overline on input line 375.
\classnum@=\count91
\DOTSCASE@=\count92
LaTeX Info: Redefining \ldots on input line 472.
LaTeX Info: Redefining \dots on input line 475.
LaTeX Info: Redefining \cdots on input line 596.
\Mathstrutbox@=\box26
\strutbox@=\box27
\big@size=\dimen105
LaTeX Font Info:    Redeclaring font encoding OML on input line 712.
LaTeX Font Info:    Redeclaring font encoding OMS on input line 713.
\macc@depth=\count93
\c@MaxMatrixCols=\count94
\dotsspace@=\muskip10
\c@parentequation=\count95
\dspbrk@lvl=\count96
\tag@help=\toks15
\row@=\count97
\column@=\count98
\maxfields@=\count99
\andhelp@=\toks16
\eqnshift@=\dimen106
\alignsep@=\dimen107
\tagshift@=\dimen108
\tagwidth@=\dimen109
\totwidth@=\dimen110
\lineht@=\dimen111
\@envbody=\toks17
\multlinegap=\skip44
\multlinetaggap=\skip45
\mathdisplay@stack=\toks18
LaTeX Info: Redefining \[ on input line 2817.
LaTeX Info: Redefining \] on input line 2818.
)
(/usr/share/texlive/texmf-dist/tex/latex/amsfonts/amsfonts.sty
Package: amsfonts 2013/01/14 v3.01 Basic AMSFonts support
\symAMSa=\mathgroup4
\symAMSb=\mathgroup5
LaTeX Font Info:    Overwriting math alphabet `\mathfrak' in version `bold'
(Font)                  U/euf/m/n --> U/euf/b/n on input line 106.
)
(/usr/share/texlive/texmf-dist/tex/latex/amsfonts/amssymb.sty
Package: amssymb 2013/01/14 v3.01 AMS font symbols
)
(/usr/share/texlive/texmf-dist/tex/latex/base/inputenc.sty
Package: inputenc 2018/04/06 v1.3b Input encoding file
\inpenc@prehook=\toks19
\inpenc@posthook=\toks20
)
(/usr/share/texlive/texmf-dist/tex/latex/base/fontenc.sty
Package: fontenc 2017/04/05 v2.0i Standard LaTeX package

(/usr/share/texlive/texmf-dist/tex/latex/base/t1enc.def
File: t1enc.def 2017/04/05 v2.0i Standard LaTeX file
LaTeX Font Info:    Redeclaring font encoding T1 on input line 48.
))
(/usr/share/texlive/texmf-dist/tex/latex/graphics/graphicx.sty
Package: graphicx 2017/06/01 v1.1a Enhanced LaTeX Graphics (DPC,SPQR)

(/usr/share/texlive/texmf-dist/tex/latex/graphics/keyval.sty
Package: keyval 2014/10/28 v1.15 key=value parser (DPC)
\KV@toks@=\toks21
)
(/usr/share/texlive/texmf-dist/tex/latex/graphics/graphics.sty
Package: graphics 2017/06/25 v1.2c Standard LaTeX Graphics (DPC,SPQR)

(/usr/share/texlive/texmf-dist/tex/latex/graphics/trig.sty
Package: trig 2016/01/03 v1.10 sin cos tan (DPC)
)
(/usr/share/texlive/texmf-dist/tex/latex/graphics-cfg/graphics.cfg
File: graphics.cfg 2016/06/04 v1.11 sample graphics configuration
)
Package graphics Info: Driver file: pdftex.def on input line 99.

(/usr/share/texlive/texmf-dist/tex/latex/graphics-def/pdftex.def
File: pdftex.def 2018/01/08 v1.0l Graphics/color driver for pdftex
))
\Gin@req@height=\dimen112
\Gin@req@width=\dimen113
)
(/usr/share/texlive/texmf-dist/tex/latex/float/float.sty
Package: float 2001/11/08 v1.3d Float enhancements (AL)
\c@float@type=\count100
\float@exts=\toks22
\float@box=\box28
\@float@everytoks=\toks23
\@floatcapt=\box29
) (./sprawozdanie.aux)
\openout1 = `sprawozdanie.aux'.

LaTeX Font Info:    Checking defaults for OML/cmm/m/it on input line 18.
LaTeX Font Info:    ... okay on input line 18.
LaTeX Font Info:    Checking defaults for T1/cmr/m/n on input line 18.
LaTeX Font Info:    ... okay on input line 18.
LaTeX Font Info:    Checking defaults for OT1/cmr/m/n on input line 18.
LaTeX Font Info:    ... okay on input line 18.
LaTeX Font Info:    Checking defaults for OMS/cmsy/m/n on input line 18.
LaTeX Font Info:    ... okay on input line 18.
LaTeX Font Info:    Checking defaults for OMX/cmex/m/n on input line 18.
LaTeX Font Info:    ... okay on input line 18.
LaTeX Font Info:    Checking defaults for U/cmr/m/n on input line 18.
LaTeX Font Info:    ... okay on input line 18.

(/usr/share/texlive/texmf-dist/tex/context/base/mkii/supp-pdf.mkii
[Loading MPS to PDF converter (version 2006.09.02).]
\scratchcounter=\count101
\scratchdimen=\dimen114
\scratchbox=\box30
\nofMPsegments=\count102
\nofMParguments=\count103
\everyMPshowfont=\toks24
\MPscratchCnt=\count104
\MPscratchDim=\dimen115
\MPnumerator=\count105
\makeMPintoPDFobject=\count106
\everyMPtoPDFconversion=\toks25
) (/usr/share/texlive/texmf-dist/tex/latex/oberdiek/epstopdf-base.sty
Package: epstopdf-base 2016/05/15 v2.6 Base part for package epstopdf

(/usr/share/texlive/texmf-dist/tex/generic/oberdiek/infwarerr.sty
Package: infwarerr 2016/05/16 v1.4 Providing info/warning/error messages (HO)
)
(/usr/share/texlive/texmf-dist/tex/latex/oberdiek/grfext.sty
Package: grfext 2016/05/16 v1.2 Manage graphics extensions (HO)

(/usr/share/texlive/texmf-dist/tex/generic/oberdiek/kvdefinekeys.sty
Package: kvdefinekeys 2016/05/16 v1.4 Define keys (HO)

(/usr/share/texlive/texmf-dist/tex/generic/oberdiek/ltxcmds.sty
Package: ltxcmds 2016/05/16 v1.23 LaTeX kernel commands for general use (HO)
)))
(/usr/share/texlive/texmf-dist/tex/latex/oberdiek/kvoptions.sty
Package: kvoptions 2016/05/16 v3.12 Key value format for package options (HO)

(/usr/share/texlive/texmf-dist/tex/generic/oberdiek/kvsetkeys.sty
Package: kvsetkeys 2016/05/16 v1.17 Key value parser (HO)

(/usr/share/texlive/texmf-dist/tex/generic/oberdiek/etexcmds.sty
Package: etexcmds 2016/05/16 v1.6 Avoid name clashes with e-TeX commands (HO)

(/usr/share/texlive/texmf-dist/tex/generic/oberdiek/ifluatex.sty
Package: ifluatex 2016/05/16 v1.4 Provides the ifluatex switch (HO)
Package ifluatex Info: LuaTeX not detected.
))))
(/usr/share/texlive/texmf-dist/tex/generic/oberdiek/pdftexcmds.sty
Package: pdftexcmds 2018/01/30 v0.27 Utility functions of pdfTeX for LuaTeX (HO
)

(/usr/share/texlive/texmf-dist/tex/generic/oberdiek/ifpdf.sty
Package: ifpdf 2017/03/15 v3.2 Provides the ifpdf switch
)
Package pdftexcmds Info: LuaTeX not detected.
Package pdftexcmds Info: \pdf@primitive is available.
Package pdftexcmds Info: \pdf@ifprimitive is available.
Package pdftexcmds Info: \pdfdraftmode found.
)
Package epstopdf-base Info: Redefining graphics rule for `.eps' on input line 4
38.
Package grfext Info: Graphics extension search list:
(grfext)             [.pdf,.png,.jpg,.mps,.jpeg,.jbig2,.jb2,.PDF,.PNG,.JPG,.JPE
G,.JBIG2,.JB2,.eps]
(grfext)             \AppendGraphicsExtensions on input line 456.

(/usr/share/texlive/texmf-dist/tex/latex/latexconfig/epstopdf-sys.cfg
File: epstopdf-sys.cfg 2010/07/13 v1.3 Configuration of (r)epstopdf for TeX Liv
e
))
LaTeX Font Info:    Try loading font information for U+msa on input line 20.

(/usr/share/texlive/texmf-dist/tex/latex/amsfonts/umsa.fd
File: umsa.fd 2013/01/14 v3.01 AMS symbols A
)
LaTeX Font Info:    Try loading font information for U+msb on input line 20.

(/usr/share/texlive/texmf-dist/tex/latex/amsfonts/umsb.fd
File: umsb.fd 2013/01/14 v3.01 AMS symbols B
)
Overfull \hbox (8.05267pt too wide) in paragraph at lines 24--25
\T1/cmr/m/n/10 Typ sor-towa-nia sta-bil-nego pole-ga-j¡cy na wyborze na-jm-niej
szego el-e-mentu spo±ród
 []


Overfull \hbox (0.9433pt too wide) in paragraph at lines 24--25
\T1/cmr/m/n/10 male-j¡-cym nale»y za-mi-ast na-jm-niejszego el-e-mentu wybiera¢
 el-e-ment na-jwi¦kysz.
 []


Overfull \hbox (9.5523pt too wide) in paragraph at lines 29--31
\T1/cmr/m/n/10 Jest to spowodowane potrzeb¡ ci¡gªego wyszuki-wa-nia na-jm-niejs
zego/najwi¦kszego
 []

<./graphs/selection_sort_gather.png, id=1, 462.528pt x 346.896pt>
File: ./graphs/selection_sort_gather.png Graphic file (type png)
<use ./graphs/selection_sort_gather.png>
Package pdftex.def Info: ./graphs/selection_sort_gather.png  used on input line
 41.
(pdftex.def)             Requested size: 227.62204pt x 170.71628pt.
[1

{/var/lib/texmf/fonts/map/pdftex/updmap/pdftex.map}]
<./graphs/selection_sort_a.png, id=19, 462.528pt x 346.896pt>
File: ./graphs/selection_sort_a.png Graphic file (type png)
<use ./graphs/selection_sort_a.png>
Package pdftex.def Info: ./graphs/selection_sort_a.png  used on input line 47.
(pdftex.def)             Requested size: 227.62204pt x 170.71628pt.
<./graphs/selection_sort_v.png, id=20, 462.528pt x 346.896pt>
File: ./graphs/selection_sort_v.png Graphic file (type png)
<use ./graphs/selection_sort_v.png>
Package pdftex.def Info: ./graphs/selection_sort_v.png  used on input line 52.
(pdftex.def)             Requested size: 227.62204pt x 170.71628pt.
 [2 <./graphs/selection_sort_gather.png> <./graphs/selection_sort_a.png>]
<./graphs/selection_sort_g.png, id=27, 462.528pt x 346.896pt>
File: ./graphs/selection_sort_g.png Graphic file (type png)
<use ./graphs/selection_sort_g.png>
Package pdftex.def Info: ./graphs/selection_sort_g.png  used on input line 57.
(pdftex.def)             Requested size: 227.62204pt x 170.71628pt.
<./graphs/selection_sort_l.png, id=28, 462.528pt x 346.896pt>
File: ./graphs/selection_sort_l.png Graphic file (type png)
<use ./graphs/selection_sort_l.png>
Package pdftex.def Info: ./graphs/selection_sort_l.png  used on input line 62.
(pdftex.def)             Requested size: 227.62204pt x 170.71628pt.
 [3 <./graphs/selection_sort_v.png> <./graphs/selection_sort_g.png>]
<./graphs/selection_sort_c.png, id=34, 462.528pt x 346.896pt>
File: ./graphs/selection_sort_c.png Graphic file (type png)
<use ./graphs/selection_sort_c.png>
Package pdftex.def Info: ./graphs/selection_sort_c.png  used on input line 67.
(pdftex.def)             Requested size: 227.62204pt x 170.71628pt.
<./graphs/selection_sort_r.png, id=35, 462.528pt x 346.896pt>
File: ./graphs/selection_sort_r.png Graphic file (type png)
<use ./graphs/selection_sort_r.png>
Package pdftex.def Info: ./graphs/selection_sort_r.png  used on input line 72.
(pdftex.def)             Requested size: 227.62204pt x 170.71628pt.
 [4 <./graphs/selection_sort_l.png> <./graphs/selection_sort_c.png>] [5 <./grap
hs/selection_sort_r.png>]
<./graphs/insertion_sort_gather.png, id=45, 462.528pt x 346.896pt>
File: ./graphs/insertion_sort_gather.png Graphic file (type png)
<use ./graphs/insertion_sort_gather.png>
Package pdftex.def Info: ./graphs/insertion_sort_gather.png  used on input line
 91.
(pdftex.def)             Requested size: 227.62204pt x 170.71628pt.
<./graphs/insertion_sort_a.png, id=46, 462.528pt x 346.896pt>
File: ./graphs/insertion_sort_a.png Graphic file (type png)
<use ./graphs/insertion_sort_a.png>
Package pdftex.def Info: ./graphs/insertion_sort_a.png  used on input line 96.
(pdftex.def)             Requested size: 227.62204pt x 170.71628pt.
 [6 <./graphs/insertion_sort_gather.png>]
Overfull \hbox (1.74866pt too wide) in paragraph at lines 98--99
\T1/cmr/m/n/10 Pierwsza cz¦±¢ danych jest ju» wst¦p-nie posor-towana, dlat-ego 
al-go-rytm wykonuj¦
 []

<./graphs/insertion_sort_v.png, id=51, 462.528pt x 346.896pt>
File: ./graphs/insertion_sort_v.png Graphic file (type png)
<use ./graphs/insertion_sort_v.png>
Package pdftex.def Info: ./graphs/insertion_sort_v.png  used on input line 102.

(pdftex.def)             Requested size: 227.62204pt x 170.71628pt.

Overfull \hbox (6.91296pt too wide) in paragraph at lines 104--105
\T1/cmr/m/n/10 W przy-padku takie uªo»e-nia danych, mo»na za-uwa»y¢ analogi¦ do
 wy»ej opisanego
 []

[7 <./graphs/insertion_sort_a.png> <./graphs/insertion_sort_v.png>]
<./graphs/insertion_sort_g.png, id=58, 462.528pt x 346.896pt>
File: ./graphs/insertion_sort_g.png Graphic file (type png)
<use ./graphs/insertion_sort_g.png>
Package pdftex.def Info: ./graphs/insertion_sort_g.png  used on input line 108.

(pdftex.def)             Requested size: 227.62204pt x 170.71628pt.

Overfull \hbox (1.19324pt too wide) in paragraph at lines 110--111
\T1/cmr/m/n/10 Dla uporz¡d-kowa-nia ros-n¡cego al-go-prytm sor-towa-nia przez w
staw-ianie wykonuj¦
 []


Overfull \hbox (5.95605pt too wide) in paragraph at lines 110--111
\T1/cmr/m/n/10 si¦ szy-bko. W takim wypadku jego zªo»ono±¢ jest opisy-wana prze
z $\OML/cmm/m/it/10 O\OT1/cmr/m/n/10 (\OML/cmm/m/it/10 n\OT1/cmr/m/n/10 )$\T1/c
mr/m/n/10 , poniewa»
 []

<./graphs/insertion_sort_l.png, id=59, 462.528pt x 346.896pt>
File: ./graphs/insertion_sort_l.png Graphic file (type png)
<use ./graphs/insertion_sort_l.png>
Package pdftex.def Info: ./graphs/insertion_sort_l.png  used on input line 114.

(pdftex.def)             Requested size: 227.62204pt x 170.71628pt.
[8 <./graphs/insertion_sort_g.png> <./graphs/insertion_sort_l.png>]
<./graphs/insertion_sort_c.png, id=65, 462.528pt x 346.896pt>
File: ./graphs/insertion_sort_c.png Graphic file (type png)
<use ./graphs/insertion_sort_c.png>
Package pdftex.def Info: ./graphs/insertion_sort_c.png  used on input line 120.

(pdftex.def)             Requested size: 227.62204pt x 170.71628pt.

Overfull \hbox (0.43417pt too wide) in paragraph at lines 122--123
\T1/cmr/m/n/10 Jest to przy-padek ana-log-iczny do wst¦p-nego posor-towa-nia ro
s-n¡cego. Poprawnie
 []

<./graphs/insertion_sort_r.png, id=66, 462.528pt x 346.896pt>
File: ./graphs/insertion_sort_r.png Graphic file (type png)
<use ./graphs/insertion_sort_r.png>
Package pdftex.def Info: ./graphs/insertion_sort_r.png  used on input line 126.

(pdftex.def)             Requested size: 227.62204pt x 170.71628pt.
[9 <./graphs/insertion_sort_c.png>] [10 <./graphs/insertion_sort_r.png>]
<./graphs/heap_sort_gather.png, id=75, 462.528pt x 346.896pt>
File: ./graphs/heap_sort_gather.png Graphic file (type png)
<use ./graphs/heap_sort_gather.png>
Package pdftex.def Info: ./graphs/heap_sort_gather.png  used on input line 150.

(pdftex.def)             Requested size: 227.62204pt x 170.71628pt.

[11]
<./graphs/heap_sort_a.png, id=80, 462.528pt x 346.896pt>
File: ./graphs/heap_sort_a.png Graphic file (type png)
<use ./graphs/heap_sort_a.png>
Package pdftex.def Info: ./graphs/heap_sort_a.png  used on input line 156.
(pdftex.def)             Requested size: 227.62204pt x 170.71628pt.
<./graphs/heap_sort_v.png, id=81, 462.528pt x 346.896pt>
File: ./graphs/heap_sort_v.png Graphic file (type png)
<use ./graphs/heap_sort_v.png>
Package pdftex.def Info: ./graphs/heap_sort_v.png  used on input line 161.
(pdftex.def)             Requested size: 227.62204pt x 170.71628pt.
 [12 <./graphs/heap_sort_gather.png> <./graphs/heap_sort_a.png>]
<./graphs/heap_sort_g.png, id=87, 462.528pt x 346.896pt>
File: ./graphs/heap_sort_g.png Graphic file (type png)
<use ./graphs/heap_sort_g.png>
Package pdftex.def Info: ./graphs/heap_sort_g.png  used on input line 166.
(pdftex.def)             Requested size: 227.62204pt x 170.71628pt.
<./graphs/heap_sort_l.png, id=88, 462.528pt x 346.896pt>
File: ./graphs/heap_sort_l.png Graphic file (type png)
<use ./graphs/heap_sort_l.png>
Package pdftex.def Info: ./graphs/heap_sort_l.png  used on input line 171.
(pdftex.def)             Requested size: 227.62204pt x 170.71628pt.
 [13 <./graphs/heap_sort_v.png> <./graphs/heap_sort_g.png>]
<./graphs/heap_sort_c.png, id=95, 462.528pt x 346.896pt>
File: ./graphs/heap_sort_c.png Graphic file (type png)
<use ./graphs/heap_sort_c.png>
Package pdftex.def Info: ./graphs/heap_sort_c.png  used on input line 176.
(pdftex.def)             Requested size: 227.62204pt x 170.71628pt.
<./graphs/heap_sort_r.png, id=96, 462.528pt x 346.896pt>
File: ./graphs/heap_sort_r.png Graphic file (type png)
<use ./graphs/heap_sort_r.png>
Package pdftex.def Info: ./graphs/heap_sort_r.png  used on input line 181.
(pdftex.def)             Requested size: 227.62204pt x 170.71628pt.
 [14 <./graphs/heap_sort_l.png> <./graphs/heap_sort_c.png>] [15 <./graphs/heap_
sort_r.png>]
Overfull \hbox (4.49799pt too wide) in paragraph at lines 192--194
\T1/cmr/m/n/10 która wynika z rozu-mowa-nia i», pier-wszy zbiór mo»na podzieli¢
 na dwa podzbiory,
 []

[16]
<./graphs/quick_sort_a.png, id=109, 455.35533pt x 255.93361pt>
File: ./graphs/quick_sort_a.png Graphic file (type png)
<use ./graphs/quick_sort_a.png>
Package pdftex.def Info: ./graphs/quick_sort_a.png  used on input line 225.
(pdftex.def)             Requested size: 227.62204pt x 127.93524pt.
<./graphs/quick_sort_v.png, id=110, 455.35533pt x 255.93361pt>
File: ./graphs/quick_sort_v.png Graphic file (type png)
<use ./graphs/quick_sort_v.png>
Package pdftex.def Info: ./graphs/quick_sort_v.png  used on input line 231.
(pdftex.def)             Requested size: 227.62204pt x 127.93524pt.
 [17 <./graphs/quick_sort_a.png (PNG copy)>]
<./graphs/quick_sort_g.png, id=114, 455.35533pt x 255.93361pt>
File: ./graphs/quick_sort_g.png Graphic file (type png)
<use ./graphs/quick_sort_g.png>
Package pdftex.def Info: ./graphs/quick_sort_g.png  used on input line 237.
(pdftex.def)             Requested size: 227.62204pt x 127.93524pt.
<./graphs/quick_sort_l.png, id=115, 455.35533pt x 255.93361pt>
File: ./graphs/quick_sort_l.png Graphic file (type png)
<use ./graphs/quick_sort_l.png>
Package pdftex.def Info: ./graphs/quick_sort_l.png  used on input line 243.
(pdftex.def)             Requested size: 227.62204pt x 127.93524pt.
 [18 <./graphs/quick_sort_v.png (PNG copy)> <./graphs/quick_sort_g.png (PNG cop
y)>]
<./graphs/quick_sort_c.png, id=119, 455.35533pt x 255.93361pt>
File: ./graphs/quick_sort_c.png Graphic file (type png)
<use ./graphs/quick_sort_c.png>
Package pdftex.def Info: ./graphs/quick_sort_c.png  used on input line 249.
(pdftex.def)             Requested size: 227.62204pt x 127.93524pt.
<./graphs/quick_sort_r.png, id=120, 455.35533pt x 255.93361pt>
File: ./graphs/quick_sort_r.png Graphic file (type png)
<use ./graphs/quick_sort_r.png>
Package pdftex.def Info: ./graphs/quick_sort_r.png  used on input line 255.
(pdftex.def)             Requested size: 227.62204pt x 127.93524pt.
 [19 <./graphs/quick_sort_l.png (PNG copy)> <./graphs/quick_sort_c.png (PNG cop
y)>] [20 <./graphs/quick_sort_r.png (PNG copy)>]
<./graphs/shell_sort_gather.png, id=128, 462.528pt x 346.896pt>
File: ./graphs/shell_sort_gather.png Graphic file (type png)
<use ./graphs/shell_sort_gather.png>
Package pdftex.def Info: ./graphs/shell_sort_gather.png  used on input line 278
.
(pdftex.def)             Requested size: 227.62204pt x 170.71628pt.
<./graphs/shell_sort_a.png, id=129, 462.528pt x 346.896pt>
File: ./graphs/shell_sort_a.png Graphic file (type png)
<use ./graphs/shell_sort_a.png>
Package pdftex.def Info: ./graphs/shell_sort_a.png  used on input line 285.
(pdftex.def)             Requested size: 227.62204pt x 170.71628pt.
 [21 <./graphs/shell_sort_gather.png>]
Overfull \hbox (2.60031pt too wide) in paragraph at lines 287--288
\T1/cmr/m/n/10 nanie porz¡d-kowa-nia zbioru uªo»onego w sposób male-j¡cy. Staªo
 si¦ tak poniewa»
 []

<./graphs/shell_sort_v.png, id=136, 462.528pt x 346.896pt>
File: ./graphs/shell_sort_v.png Graphic file (type png)
<use ./graphs/shell_sort_v.png>
Package pdftex.def Info: ./graphs/shell_sort_v.png  used on input line 291.
(pdftex.def)             Requested size: 227.62204pt x 170.71628pt.
<./graphs/shell_sort_g.png, id=137, 462.528pt x 346.896pt>
File: ./graphs/shell_sort_g.png Graphic file (type png)
<use ./graphs/shell_sort_g.png>
Package pdftex.def Info: ./graphs/shell_sort_g.png  used on input line 297.
(pdftex.def)             Requested size: 227.62204pt x 170.71628pt.
[22 <./graphs/shell_sort_a.png> <./graphs/shell_sort_v.png>]
<./graphs/shell_sort_l.png, id=143, 462.528pt x 346.896pt>
File: ./graphs/shell_sort_l.png Graphic file (type png)
<use ./graphs/shell_sort_l.png>
Package pdftex.def Info: ./graphs/shell_sort_l.png  used on input line 303.
(pdftex.def)             Requested size: 227.62204pt x 170.71628pt.
<./graphs/shell_sort_c.png, id=144, 462.528pt x 346.896pt>
File: ./graphs/shell_sort_c.png Graphic file (type png)
<use ./graphs/shell_sort_c.png>
Package pdftex.def Info: ./graphs/shell_sort_c.png  used on input line 309.
(pdftex.def)             Requested size: 227.62204pt x 170.71628pt.
 [23 <./graphs/shell_sort_g.png> <./graphs/shell_sort_l.png>]
<./graphs/shell_sort_r.png, id=150, 462.528pt x 346.896pt>
File: ./graphs/shell_sort_r.png Graphic file (type png)
<use ./graphs/shell_sort_r.png>
Package pdftex.def Info: ./graphs/shell_sort_r.png  used on input line 315.
(pdftex.def)             Requested size: 227.62204pt x 170.71628pt.
 [24 <./graphs/shell_sort_c.png> <./graphs/shell_sort_r.png>] (./sprawozdanie.t
oc [25])
\tf@toc=\write3
\openout3 = `sprawozdanie.toc'.

 [26] (./sprawozdanie.aux) ) 
Here is how much of TeX's memory you used:
 2805 strings out of 494586
 38480 string characters out of 6177801
 96561 words of memory out of 5000000
 6358 multiletter control sequences out of 15000+600000
 16908 words of font info for 49 fonts, out of 8000000 for 9000
 14 hyphenation exceptions out of 8191
 41i,10n,25p,676b,234s stack positions out of 5000i,500n,10000p,200000b,80000s
 </home/piotr/.texlive2018/texmf-var/fonts/pk/ljfou
r/jknappen/ec/ecbx1000.600pk> </home/piotr/.texlive2018/texmf-var/fonts/pk/ljfo
ur/jknappen/ec/ecrm1000.600pk> </home/piotr/.texlive2018/texmf-var/fonts/pk/ljf
our/jknappen/ec/ecbx1200.600pk> </home/piotr/.texlive2018/texmf-var/fonts/pk/lj
four/jknappen/ec/ecbx1440.600pk> </home/piotr/.texlive2018/texmf-var/fonts/pk/l
jfour/jknappen/ec/ecrm1200.600pk> </home/piotr/.texlive2018/texmf-var/fonts/pk/
ljfour/jknappen/ec/ecrm1728.600pk></usr/share/texlive/texmf-dist/fonts/type1/pu
blic/amsfonts/cm/cmex10.pfb></usr/share/texlive/texmf-dist/fonts/type1/public/a
msfonts/cm/cmmi10.pfb></usr/share/texlive/texmf-dist/fonts/type1/public/amsfont
s/cm/cmmi7.pfb></usr/share/texlive/texmf-dist/fonts/type1/public/amsfonts/cm/cm
r10.pfb></usr/share/texlive/texmf-dist/fonts/type1/public/amsfonts/cm/cmr5.pfb>
</usr/share/texlive/texmf-dist/fonts/type1/public/amsfonts/cm/cmr7.pfb></usr/sh
are/texlive/texmf-dist/fonts/type1/public/amsfonts/cm/cmsy10.pfb></usr/share/te
xlive/texmf-dist/fonts/type1/public/amsfonts/cm/cmsy7.pfb></usr/share/texlive/t
exmf-dist/fonts/type1/public/amsfonts/symbols/msbm10.pfb>
Output written on sprawozdanie.pdf (26 pages, 1146151 bytes).
PDF statistics:
 419 PDF objects out of 1000 (max. 8388607)
 111 compressed objects within 2 object streams
 0 named destinations out of 1000 (max. 500000)
 171 words of extra memory for PDF output out of 10000 (max. 10000000)

